2020-02-08 22:29:54,243 |    pack.madgraph.run |   INFO | starting file logging for topic: run
2020-02-08 22:29:55,070 |    pack.madgraph.run |   INFO | b'************************************************************'
2020-02-08 22:29:55,070 |    pack.madgraph.run |   INFO | b'*                                                          *'
2020-02-08 22:29:55,071 |    pack.madgraph.run |   INFO | b'*                     W E L C O M E to                     *'
2020-02-08 22:29:55,071 |    pack.madgraph.run |   INFO | b'*              M A D G R A P H 5 _ a M C @ N L O           *'
2020-02-08 22:29:55,071 |    pack.madgraph.run |   INFO | b'*                                                          *'
2020-02-08 22:29:55,071 |    pack.madgraph.run |   INFO | b'*                                                          *'
2020-02-08 22:29:55,071 |    pack.madgraph.run |   INFO | b'*                 *                       *                *'
2020-02-08 22:29:55,072 |    pack.madgraph.run |   INFO | b'*                   *        * *        *                  *'
2020-02-08 22:29:55,072 |    pack.madgraph.run |   INFO | b'*                     * * * * 5 * * * *                    *'
2020-02-08 22:29:55,072 |    pack.madgraph.run |   INFO | b'*                   *        * *        *                  *'
2020-02-08 22:29:55,072 |    pack.madgraph.run |   INFO | b'*                 *                       *                *'
2020-02-08 22:29:55,072 |    pack.madgraph.run |   INFO | b'*                                                          *'
2020-02-08 22:29:55,073 |    pack.madgraph.run |   INFO | b'*         VERSION 2.6.7                 2019-10-16         *'
2020-02-08 22:29:55,073 |    pack.madgraph.run |   INFO | b'*                                                          *'
2020-02-08 22:29:55,073 |    pack.madgraph.run |   INFO | b'*    The MadGraph5_aMC@NLO Development Team - Find us at   *'
2020-02-08 22:29:55,073 |    pack.madgraph.run |   INFO | b'*    https://server06.fynu.ucl.ac.be/projects/madgraph     *'
2020-02-08 22:29:55,073 |    pack.madgraph.run |   INFO | b'*                            and                           *'
2020-02-08 22:29:55,074 |    pack.madgraph.run |   INFO | b'*            http://amcatnlo.web.cern.ch/amcatnlo/         *'
2020-02-08 22:29:55,074 |    pack.madgraph.run |   INFO | b'*                                                          *'
2020-02-08 22:29:55,074 |    pack.madgraph.run |   INFO | b"*               Type 'help' for in-line help.              *"
2020-02-08 22:29:55,074 |    pack.madgraph.run |   INFO | b"*           Type 'tutorial' to learn how MG5 works         *"
2020-02-08 22:29:55,074 |    pack.madgraph.run |   INFO | b"*    Type 'tutorial aMCatNLO' to learn how aMC@NLO works   *"
2020-02-08 22:29:55,075 |    pack.madgraph.run |   INFO | b"*    Type 'tutorial MadLoop' to learn how MadLoop works    *"
2020-02-08 22:29:55,075 |    pack.madgraph.run |   INFO | b'*                                                          *'
2020-02-08 22:29:55,075 |    pack.madgraph.run |   INFO | b'************************************************************'
2020-02-08 22:29:55,075 |    pack.madgraph.run |   INFO | b'load MG5 configuration from madgraph/input/mg5_configuration.txt'
2020-02-08 22:29:55,076 |    pack.madgraph.run |   INFO | b'set collier to /code/madgraph/HEPTools/collier'
2020-02-08 22:29:55,076 |    pack.madgraph.run |   INFO | b'fastjet-config does not seem to correspond to a valid fastjet-config executable (v3+). We will use fjcore instead.'
2020-02-08 22:29:55,076 |    pack.madgraph.run |   INFO | b"Please set the 'fastjet'variable to the full (absolute) /PATH/TO/fastjet-config (including fastjet-config)."
2020-02-08 22:29:55,076 |    pack.madgraph.run |   INFO | b'MG5_aMC> set fastjet /PATH/TO/fastjet-config'
2020-02-08 22:29:55,076 |    pack.madgraph.run |   INFO | b''
2020-02-08 22:29:55,082 |    pack.madgraph.run |   INFO | b'lhapdf-config does not seem to correspond to a valid lhapdf-config executable.'
2020-02-08 22:29:55,082 |    pack.madgraph.run |   INFO | b"Please set the 'lhapdf' variable to the (absolute) /PATH/TO/lhapdf-config (including lhapdf-config)."
2020-02-08 22:29:55,083 |    pack.madgraph.run |   INFO | b'Note that you can still compile and run aMC@NLO with the built-in PDFs'
2020-02-08 22:29:55,083 |    pack.madgraph.run |   INFO | b'MG5_aMC> set lhapdf /PATH/TO/lhapdf-config'
2020-02-08 22:29:55,083 |    pack.madgraph.run |   INFO | b''
2020-02-08 22:29:55,083 |    pack.madgraph.run |   INFO | b'set ninja to /code/madgraph/HEPTools/lib'
2020-02-08 22:29:55,084 |    pack.madgraph.run |   INFO | b'No valid text editor found. Please set in ./input/mg5_configuration.txt'
2020-02-08 22:29:55,084 |    pack.madgraph.run |   INFO | b'No valid eps viewer found. Please set in ./input/mg5_configuration.txt'
2020-02-08 22:29:55,084 |    pack.madgraph.run |   INFO | b'No valid web browser found. Please set in ./input/mg5_configuration.txt'
2020-02-08 22:29:55,085 |    pack.madgraph.run |   INFO | b'import /code/proc_card.dat'
2020-02-08 22:29:55,085 |    pack.madgraph.run |   INFO | b'The import format was not given, so we guess it as command'
2020-02-08 22:29:55,085 |    pack.madgraph.run |   INFO | b'import model sm'
2020-02-08 22:29:55,106 |    pack.madgraph.run |   INFO | b'INFO: load particles'
2020-02-08 22:29:55,107 |    pack.madgraph.run |   INFO | b'INFO: load vertices'
2020-02-08 22:29:55,127 |    pack.madgraph.run |   INFO | b'INFO: Restrict model sm with file madgraph/models/sm/restrict_default.dat .'
2020-02-08 22:29:55,128 |    pack.madgraph.run |   INFO | b'INFO: Run "set stdout_level DEBUG" before import for more information.'
2020-02-08 22:29:55,200 |    pack.madgraph.run |   INFO | b'INFO: Change particles name to pass to MG5 convention'
2020-02-08 22:29:55,202 |    pack.madgraph.run |   INFO | b'Defined multiparticle p = g u c d s u~ c~ d~ s~'
2020-02-08 22:29:55,203 |    pack.madgraph.run |   INFO | b'Defined multiparticle j = g u c d s u~ c~ d~ s~'
2020-02-08 22:29:55,203 |    pack.madgraph.run |   INFO | b'Defined multiparticle l+ = e+ mu+'
2020-02-08 22:29:55,203 |    pack.madgraph.run |   INFO | b'Defined multiparticle l- = e- mu-'
2020-02-08 22:29:55,204 |    pack.madgraph.run |   INFO | b'Defined multiparticle vl = ve vm vt'
2020-02-08 22:29:55,204 |    pack.madgraph.run |   INFO | b'Defined multiparticle vl~ = ve~ vm~ vt~'
2020-02-08 22:29:55,206 |    pack.madgraph.run |   INFO | b'Defined multiparticle all = g u c d s u~ c~ d~ s~ a ve vm vt e- mu- ve~ vm~ vt~ e+ mu+ t b t~ b~ z w+ h w- ta- ta+'
2020-02-08 22:29:55,207 |    pack.madgraph.run |   INFO | b'generate p p > j j'
2020-02-08 22:29:55,210 |    pack.madgraph.run |   INFO | b'INFO: Checking for minimal orders which gives processes.'
2020-02-08 22:29:55,210 |    pack.madgraph.run |   INFO | b'INFO: Please specify coupling orders to bypass this step.'
2020-02-08 22:29:55,212 |    pack.madgraph.run |   INFO | b'INFO: Trying coupling order WEIGHTED<=2: WEIGTHED IS 2*QED+QCD'
2020-02-08 22:29:55,216 |    pack.madgraph.run |   INFO | b'INFO: Trying process: g g > g g WEIGHTED<=2 @1'
2020-02-08 22:29:55,220 |    pack.madgraph.run |   INFO | b'INFO: Process has 4 diagrams'
2020-02-08 22:29:55,222 |    pack.madgraph.run |   INFO | b'INFO: Trying process: g g > u u~ WEIGHTED<=2 @1'
2020-02-08 22:29:55,225 |    pack.madgraph.run |   INFO | b'INFO: Process has 3 diagrams'
2020-02-08 22:29:55,226 |    pack.madgraph.run |   INFO | b'INFO: Trying process: g g > u c~ WEIGHTED<=2 @1'
2020-02-08 22:29:55,229 |    pack.madgraph.run |   INFO | b'INFO: Trying process: g g > c u~ WEIGHTED<=2 @1'
2020-02-08 22:29:55,231 |    pack.madgraph.run |   INFO | b'INFO: Trying process: g g > c c~ WEIGHTED<=2 @1'
2020-02-08 22:29:55,234 |    pack.madgraph.run |   INFO | b'INFO: Process has 3 diagrams'
2020-02-08 22:29:55,236 |    pack.madgraph.run |   INFO | b'INFO: Trying process: g g > d d~ WEIGHTED<=2 @1'
2020-02-08 22:29:55,239 |    pack.madgraph.run |   INFO | b'INFO: Process has 3 diagrams'
2020-02-08 22:29:55,240 |    pack.madgraph.run |   INFO | b'INFO: Trying process: g g > d s~ WEIGHTED<=2 @1'
2020-02-08 22:29:55,242 |    pack.madgraph.run |   INFO | b'INFO: Trying process: g g > s d~ WEIGHTED<=2 @1'
2020-02-08 22:29:55,244 |    pack.madgraph.run |   INFO | b'INFO: Trying process: g g > s s~ WEIGHTED<=2 @1'
2020-02-08 22:29:55,247 |    pack.madgraph.run |   INFO | b'INFO: Process has 3 diagrams'
2020-02-08 22:29:55,250 |    pack.madgraph.run |   INFO | b'INFO: Crossed process found for g u > g u, reuse diagrams.'
2020-02-08 22:29:55,257 |    pack.madgraph.run |   INFO | b'INFO: Crossed process found for g c > g c, reuse diagrams.'
2020-02-08 22:29:55,262 |    pack.madgraph.run |   INFO | b'INFO: Crossed process found for g d > g d, reuse diagrams.'
2020-02-08 22:29:55,267 |    pack.madgraph.run |   INFO | b'INFO: Crossed process found for g s > g s, reuse diagrams.'
2020-02-08 22:29:55,272 |    pack.madgraph.run |   INFO | b'INFO: Crossed process found for g u~ > g u~, reuse diagrams.'
2020-02-08 22:29:55,276 |    pack.madgraph.run |   INFO | b'INFO: Crossed process found for g c~ > g c~, reuse diagrams.'
2020-02-08 22:29:55,280 |    pack.madgraph.run |   INFO | b'INFO: Crossed process found for g d~ > g d~, reuse diagrams.'
2020-02-08 22:29:55,283 |    pack.madgraph.run |   INFO | b'INFO: Crossed process found for g s~ > g s~, reuse diagrams.'
2020-02-08 22:29:55,286 |    pack.madgraph.run |   INFO | b'INFO: Process u g > g u added to mirror process g u > g u'
2020-02-08 22:29:55,288 |    pack.madgraph.run |   INFO | b'INFO: Trying process: u u > u u WEIGHTED<=2 @1'
2020-02-08 22:29:55,292 |    pack.madgraph.run |   INFO | b'INFO: Process has 2 diagrams'
2020-02-08 22:29:55,293 |    pack.madgraph.run |   INFO | b'INFO: Trying process: u u > u c WEIGHTED<=2 @1'
2020-02-08 22:29:55,296 |    pack.madgraph.run |   INFO | b'INFO: Trying process: u u > c c WEIGHTED<=2 @1'
2020-02-08 22:29:55,302 |    pack.madgraph.run |   INFO | b'INFO: Trying process: u c > u u WEIGHTED<=2 @1'
2020-02-08 22:29:55,304 |    pack.madgraph.run |   INFO | b'INFO: Trying process: u c > u c WEIGHTED<=2 @1'
2020-02-08 22:29:55,306 |    pack.madgraph.run |   INFO | b'INFO: Process has 1 diagrams'
2020-02-08 22:29:55,308 |    pack.madgraph.run |   INFO | b'INFO: Trying process: u c > c c WEIGHTED<=2 @1'
2020-02-08 22:29:55,315 |    pack.madgraph.run |   INFO | b'INFO: Trying process: u d > u d WEIGHTED<=2 @1'
2020-02-08 22:29:55,317 |    pack.madgraph.run |   INFO | b'INFO: Process has 1 diagrams'
2020-02-08 22:29:55,318 |    pack.madgraph.run |   INFO | b'INFO: Trying process: u d > u s WEIGHTED<=2 @1'
2020-02-08 22:29:55,320 |    pack.madgraph.run |   INFO | b'INFO: Trying process: u d > c d WEIGHTED<=2 @1'
2020-02-08 22:29:55,322 |    pack.madgraph.run |   INFO | b'INFO: Trying process: u d > c s WEIGHTED<=2 @1'
2020-02-08 22:29:55,326 |    pack.madgraph.run |   INFO | b'INFO: Trying process: u s > u d WEIGHTED<=2 @1'
2020-02-08 22:29:55,328 |    pack.madgraph.run |   INFO | b'INFO: Trying process: u s > u s WEIGHTED<=2 @1'
2020-02-08 22:29:55,330 |    pack.madgraph.run |   INFO | b'INFO: Process has 1 diagrams'
2020-02-08 22:29:55,332 |    pack.madgraph.run |   INFO | b'INFO: Trying process: u s > c d WEIGHTED<=2 @1'
2020-02-08 22:29:55,333 |    pack.madgraph.run |   INFO | b'INFO: Trying process: u s > c s WEIGHTED<=2 @1'
2020-02-08 22:29:55,337 |    pack.madgraph.run |   INFO | b'INFO: Crossed process found for u u~ > g g, reuse diagrams.'
2020-02-08 22:29:55,340 |    pack.madgraph.run |   INFO | b'INFO: Crossed process found for u u~ > u u~, reuse diagrams.'
2020-02-08 22:29:55,341 |    pack.madgraph.run |   INFO | b'INFO: Crossed process found for u u~ > c c~, reuse diagrams.'
2020-02-08 22:29:55,343 |    pack.madgraph.run |   INFO | b'INFO: Crossed process found for u u~ > d d~, reuse diagrams.'
2020-02-08 22:29:55,344 |    pack.madgraph.run |   INFO | b'INFO: Crossed process found for u u~ > s s~, reuse diagrams.'
2020-02-08 22:29:55,346 |    pack.madgraph.run |   INFO | b'INFO: Crossed process found for u c~ > u c~, reuse diagrams.'
2020-02-08 22:29:55,350 |    pack.madgraph.run |   INFO | b'INFO: Crossed process found for u d~ > u d~, reuse diagrams.'
2020-02-08 22:29:55,354 |    pack.madgraph.run |   INFO | b'INFO: Crossed process found for u s~ > u s~, reuse diagrams.'
2020-02-08 22:29:55,356 |    pack.madgraph.run |   INFO | b'INFO: Process c g > g c added to mirror process g c > g c'
2020-02-08 22:29:55,359 |    pack.madgraph.run |   INFO | b'INFO: Process c u > u c added to mirror process u c > u c'
2020-02-08 22:29:55,361 |    pack.madgraph.run |   INFO | b'INFO: Trying process: c c > u u WEIGHTED<=2 @1'
2020-02-08 22:29:55,362 |    pack.madgraph.run |   INFO | b'INFO: Trying process: c c > u c WEIGHTED<=2 @1'
2020-02-08 22:29:55,365 |    pack.madgraph.run |   INFO | b'INFO: Trying process: c c > c c WEIGHTED<=2 @1'
2020-02-08 22:29:55,369 |    pack.madgraph.run |   INFO | b'INFO: Process has 2 diagrams'
2020-02-08 22:29:55,375 |    pack.madgraph.run |   INFO | b'INFO: Trying process: c d > u d WEIGHTED<=2 @1'
2020-02-08 22:29:55,377 |    pack.madgraph.run |   INFO | b'INFO: Trying process: c d > u s WEIGHTED<=2 @1'
2020-02-08 22:29:55,379 |    pack.madgraph.run |   INFO | b'INFO: Trying process: c d > c d WEIGHTED<=2 @1'
2020-02-08 22:29:55,381 |    pack.madgraph.run |   INFO | b'INFO: Process has 1 diagrams'
2020-02-08 22:29:55,382 |    pack.madgraph.run |   INFO | b'INFO: Trying process: c d > c s WEIGHTED<=2 @1'
2020-02-08 22:29:55,387 |    pack.madgraph.run |   INFO | b'INFO: Trying process: c s > u d WEIGHTED<=2 @1'
2020-02-08 22:29:55,388 |    pack.madgraph.run |   INFO | b'INFO: Trying process: c s > u s WEIGHTED<=2 @1'
2020-02-08 22:29:55,390 |    pack.madgraph.run |   INFO | b'INFO: Trying process: c s > c d WEIGHTED<=2 @1'
2020-02-08 22:29:55,392 |    pack.madgraph.run |   INFO | b'INFO: Trying process: c s > c s WEIGHTED<=2 @1'
2020-02-08 22:29:55,394 |    pack.madgraph.run |   INFO | b'INFO: Process has 1 diagrams'
2020-02-08 22:29:55,400 |    pack.madgraph.run |   INFO | b'INFO: Crossed process found for c u~ > c u~, reuse diagrams.'
2020-02-08 22:29:55,403 |    pack.madgraph.run |   INFO | b'INFO: Crossed process found for c c~ > g g, reuse diagrams.'
2020-02-08 22:29:55,405 |    pack.madgraph.run |   INFO | b'INFO: Crossed process found for c c~ > u u~, reuse diagrams.'
2020-02-08 22:29:55,407 |    pack.madgraph.run |   INFO | b'INFO: Crossed process found for c c~ > c c~, reuse diagrams.'
2020-02-08 22:29:55,408 |    pack.madgraph.run |   INFO | b'INFO: Crossed process found for c c~ > d d~, reuse diagrams.'
2020-02-08 22:29:55,409 |    pack.madgraph.run |   INFO | b'INFO: Crossed process found for c c~ > s s~, reuse diagrams.'
2020-02-08 22:29:55,412 |    pack.madgraph.run |   INFO | b'INFO: Crossed process found for c d~ > c d~, reuse diagrams.'
2020-02-08 22:29:55,415 |    pack.madgraph.run |   INFO | b'INFO: Crossed process found for c s~ > c s~, reuse diagrams.'
2020-02-08 22:29:55,417 |    pack.madgraph.run |   INFO | b'INFO: Process d g > g d added to mirror process g d > g d'
2020-02-08 22:29:55,420 |    pack.madgraph.run |   INFO | b'INFO: Process d u > u d added to mirror process u d > u d'
2020-02-08 22:29:55,423 |    pack.madgraph.run |   INFO | b'INFO: Process d c > c d added to mirror process c d > c d'
2020-02-08 22:29:55,428 |    pack.madgraph.run |   INFO | b'INFO: Trying process: d d > d d WEIGHTED<=2 @1'
2020-02-08 22:29:55,431 |    pack.madgraph.run |   INFO | b'INFO: Process has 2 diagrams'
2020-02-08 22:29:55,432 |    pack.madgraph.run |   INFO | b'INFO: Trying process: d d > d s WEIGHTED<=2 @1'
2020-02-08 22:29:55,434 |    pack.madgraph.run |   INFO | b'INFO: Trying process: d d > s s WEIGHTED<=2 @1'
2020-02-08 22:29:55,439 |    pack.madgraph.run |   INFO | b'INFO: Trying process: d s > d d WEIGHTED<=2 @1'
2020-02-08 22:29:55,441 |    pack.madgraph.run |   INFO | b'INFO: Trying process: d s > d s WEIGHTED<=2 @1'
2020-02-08 22:29:55,443 |    pack.madgraph.run |   INFO | b'INFO: Process has 1 diagrams'
2020-02-08 22:29:55,444 |    pack.madgraph.run |   INFO | b'INFO: Trying process: d s > s s WEIGHTED<=2 @1'
2020-02-08 22:29:55,450 |    pack.madgraph.run |   INFO | b'INFO: Crossed process found for d u~ > d u~, reuse diagrams.'
2020-02-08 22:29:55,454 |    pack.madgraph.run |   INFO | b'INFO: Crossed process found for d c~ > d c~, reuse diagrams.'
2020-02-08 22:29:55,457 |    pack.madgraph.run |   INFO | b'INFO: Crossed process found for d d~ > g g, reuse diagrams.'
2020-02-08 22:29:55,458 |    pack.madgraph.run |   INFO | b'INFO: Crossed process found for d d~ > u u~, reuse diagrams.'
2020-02-08 22:29:55,459 |    pack.madgraph.run |   INFO | b'INFO: Crossed process found for d d~ > c c~, reuse diagrams.'
2020-02-08 22:29:55,461 |    pack.madgraph.run |   INFO | b'INFO: Crossed process found for d d~ > d d~, reuse diagrams.'
2020-02-08 22:29:55,462 |    pack.madgraph.run |   INFO | b'INFO: Crossed process found for d d~ > s s~, reuse diagrams.'
2020-02-08 22:29:55,465 |    pack.madgraph.run |   INFO | b'INFO: Crossed process found for d s~ > d s~, reuse diagrams.'
2020-02-08 22:29:55,467 |    pack.madgraph.run |   INFO | b'INFO: Process s g > g s added to mirror process g s > g s'
2020-02-08 22:29:55,470 |    pack.madgraph.run |   INFO | b'INFO: Process s u > u s added to mirror process u s > u s'
2020-02-08 22:29:55,473 |    pack.madgraph.run |   INFO | b'INFO: Process s c > c s added to mirror process c s > c s'
2020-02-08 22:29:55,476 |    pack.madgraph.run |   INFO | b'INFO: Process s d > d s added to mirror process d s > d s'
2020-02-08 22:29:55,480 |    pack.madgraph.run |   INFO | b'INFO: Trying process: s s > d d WEIGHTED<=2 @1'
2020-02-08 22:29:55,481 |    pack.madgraph.run |   INFO | b'INFO: Trying process: s s > d s WEIGHTED<=2 @1'
2020-02-08 22:29:55,484 |    pack.madgraph.run |   INFO | b'INFO: Trying process: s s > s s WEIGHTED<=2 @1'
2020-02-08 22:29:55,487 |    pack.madgraph.run |   INFO | b'INFO: Process has 2 diagrams'
2020-02-08 22:29:55,492 |    pack.madgraph.run |   INFO | b'INFO: Crossed process found for s u~ > s u~, reuse diagrams.'
2020-02-08 22:29:55,496 |    pack.madgraph.run |   INFO | b'INFO: Crossed process found for s c~ > s c~, reuse diagrams.'
2020-02-08 22:29:55,500 |    pack.madgraph.run |   INFO | b'INFO: Crossed process found for s d~ > s d~, reuse diagrams.'
2020-02-08 22:29:55,502 |    pack.madgraph.run |   INFO | b'INFO: Crossed process found for s s~ > g g, reuse diagrams.'
2020-02-08 22:29:55,503 |    pack.madgraph.run |   INFO | b'INFO: Crossed process found for s s~ > u u~, reuse diagrams.'
2020-02-08 22:29:55,504 |    pack.madgraph.run |   INFO | b'INFO: Crossed process found for s s~ > c c~, reuse diagrams.'
2020-02-08 22:29:55,506 |    pack.madgraph.run |   INFO | b'INFO: Crossed process found for s s~ > d d~, reuse diagrams.'
2020-02-08 22:29:55,507 |    pack.madgraph.run |   INFO | b'INFO: Crossed process found for s s~ > s s~, reuse diagrams.'
2020-02-08 22:29:55,508 |    pack.madgraph.run |   INFO | b'INFO: Process u~ g > g u~ added to mirror process g u~ > g u~'
2020-02-08 22:29:55,511 |    pack.madgraph.run |   INFO | b'INFO: Process u~ u > g g added to mirror process u u~ > g g'
2020-02-08 22:29:55,512 |    pack.madgraph.run |   INFO | b'INFO: Process u~ u > u u~ added to mirror process u u~ > u u~'
2020-02-08 22:29:55,513 |    pack.madgraph.run |   INFO | b'INFO: Process u~ u > c c~ added to mirror process u u~ > c c~'
2020-02-08 22:29:55,514 |    pack.madgraph.run |   INFO | b'INFO: Process u~ u > d d~ added to mirror process u u~ > d d~'
2020-02-08 22:29:55,515 |    pack.madgraph.run |   INFO | b'INFO: Process u~ u > s s~ added to mirror process u u~ > s s~'
2020-02-08 22:29:55,517 |    pack.madgraph.run |   INFO | b'INFO: Process u~ c > c u~ added to mirror process c u~ > c u~'
2020-02-08 22:29:55,520 |    pack.madgraph.run |   INFO | b'INFO: Process u~ d > d u~ added to mirror process d u~ > d u~'
2020-02-08 22:29:55,523 |    pack.madgraph.run |   INFO | b'INFO: Process u~ s > s u~ added to mirror process s u~ > s u~'
2020-02-08 22:29:55,528 |    pack.madgraph.run |   INFO | b'INFO: Crossed process found for u~ u~ > u~ u~, reuse diagrams.'
2020-02-08 22:29:55,531 |    pack.madgraph.run |   INFO | b'INFO: Crossed process found for u~ c~ > u~ c~, reuse diagrams.'
2020-02-08 22:29:55,535 |    pack.madgraph.run |   INFO | b'INFO: Crossed process found for u~ d~ > u~ d~, reuse diagrams.'
2020-02-08 22:29:55,539 |    pack.madgraph.run |   INFO | b'INFO: Crossed process found for u~ s~ > u~ s~, reuse diagrams.'
2020-02-08 22:29:55,540 |    pack.madgraph.run |   INFO | b'INFO: Process c~ g > g c~ added to mirror process g c~ > g c~'
2020-02-08 22:29:55,543 |    pack.madgraph.run |   INFO | b'INFO: Process c~ u > u c~ added to mirror process u c~ > u c~'
2020-02-08 22:29:55,545 |    pack.madgraph.run |   INFO | b'INFO: Process c~ c > g g added to mirror process c c~ > g g'
2020-02-08 22:29:55,547 |    pack.madgraph.run |   INFO | b'INFO: Process c~ c > u u~ added to mirror process c c~ > u u~'
2020-02-08 22:29:55,548 |    pack.madgraph.run |   INFO | b'INFO: Process c~ c > c c~ added to mirror process c c~ > c c~'
2020-02-08 22:29:55,549 |    pack.madgraph.run |   INFO | b'INFO: Process c~ c > d d~ added to mirror process c c~ > d d~'
2020-02-08 22:29:55,550 |    pack.madgraph.run |   INFO | b'INFO: Process c~ c > s s~ added to mirror process c c~ > s s~'
2020-02-08 22:29:55,553 |    pack.madgraph.run |   INFO | b'INFO: Process c~ d > d c~ added to mirror process d c~ > d c~'
2020-02-08 22:29:55,556 |    pack.madgraph.run |   INFO | b'INFO: Process c~ s > s c~ added to mirror process s c~ > s c~'
2020-02-08 22:29:55,560 |    pack.madgraph.run |   INFO | b'INFO: Process c~ u~ > u~ c~ added to mirror process u~ c~ > u~ c~'
2020-02-08 22:29:55,564 |    pack.madgraph.run |   INFO | b'INFO: Crossed process found for c~ c~ > c~ c~, reuse diagrams.'
2020-02-08 22:29:55,568 |    pack.madgraph.run |   INFO | b'INFO: Crossed process found for c~ d~ > c~ d~, reuse diagrams.'
2020-02-08 22:29:55,571 |    pack.madgraph.run |   INFO | b'INFO: Crossed process found for c~ s~ > c~ s~, reuse diagrams.'
2020-02-08 22:29:55,572 |    pack.madgraph.run |   INFO | b'INFO: Process d~ g > g d~ added to mirror process g d~ > g d~'
2020-02-08 22:29:55,575 |    pack.madgraph.run |   INFO | b'INFO: Process d~ u > u d~ added to mirror process u d~ > u d~'
2020-02-08 22:29:55,579 |    pack.madgraph.run |   INFO | b'INFO: Process d~ c > c d~ added to mirror process c d~ > c d~'
2020-02-08 22:29:55,581 |    pack.madgraph.run |   INFO | b'INFO: Process d~ d > g g added to mirror process d d~ > g g'
2020-02-08 22:29:55,605 |    pack.madgraph.run |   INFO | b'INFO: Process d~ d > u u~ added to mirror process d d~ > u u~'
2020-02-08 22:29:55,612 |    pack.madgraph.run |   INFO | b'INFO: Process d~ d > c c~ added to mirror process d d~ > c c~'
2020-02-08 22:29:55,613 |    pack.madgraph.run |   INFO | b'INFO: Process d~ d > d d~ added to mirror process d d~ > d d~'
2020-02-08 22:29:55,613 |    pack.madgraph.run |   INFO | b'INFO: Process d~ d > s s~ added to mirror process d d~ > s s~'
2020-02-08 22:29:55,614 |    pack.madgraph.run |   INFO | b'INFO: Process d~ s > s d~ added to mirror process s d~ > s d~'
2020-02-08 22:29:55,614 |    pack.madgraph.run |   INFO | b'INFO: Process d~ u~ > u~ d~ added to mirror process u~ d~ > u~ d~'
2020-02-08 22:29:55,614 |    pack.madgraph.run |   INFO | b'INFO: Process d~ c~ > c~ d~ added to mirror process c~ d~ > c~ d~'
2020-02-08 22:29:55,615 |    pack.madgraph.run |   INFO | b'INFO: Crossed process found for d~ d~ > d~ d~, reuse diagrams.'
2020-02-08 22:29:55,615 |    pack.madgraph.run |   INFO | b'INFO: Crossed process found for d~ s~ > d~ s~, reuse diagrams.'
2020-02-08 22:29:55,615 |    pack.madgraph.run |   INFO | b'INFO: Process s~ g > g s~ added to mirror process g s~ > g s~'
2020-02-08 22:29:55,615 |    pack.madgraph.run |   INFO | b'INFO: Process s~ u > u s~ added to mirror process u s~ > u s~'
2020-02-08 22:29:55,616 |    pack.madgraph.run |   INFO | b'INFO: Process s~ c > c s~ added to mirror process c s~ > c s~'
2020-02-08 22:29:55,616 |    pack.madgraph.run |   INFO | b'INFO: Process s~ d > d s~ added to mirror process d s~ > d s~'
2020-02-08 22:29:55,616 |    pack.madgraph.run |   INFO | b'INFO: Process s~ s > g g added to mirror process s s~ > g g'
2020-02-08 22:29:55,617 |    pack.madgraph.run |   INFO | b'INFO: Process s~ s > u u~ added to mirror process s s~ > u u~'
2020-02-08 22:29:55,617 |    pack.madgraph.run |   INFO | b'INFO: Process s~ s > c c~ added to mirror process s s~ > c c~'
2020-02-08 22:29:55,618 |    pack.madgraph.run |   INFO | b'INFO: Process s~ s > d d~ added to mirror process s s~ > d d~'
2020-02-08 22:29:55,619 |    pack.madgraph.run |   INFO | b'INFO: Process s~ s > s s~ added to mirror process s s~ > s s~'
2020-02-08 22:29:55,622 |    pack.madgraph.run |   INFO | b'INFO: Process s~ u~ > u~ s~ added to mirror process u~ s~ > u~ s~'
2020-02-08 22:29:55,625 |    pack.madgraph.run |   INFO | b'INFO: Process s~ c~ > c~ s~ added to mirror process c~ s~ > c~ s~'
2020-02-08 22:29:55,628 |    pack.madgraph.run |   INFO | b'INFO: Process s~ d~ > d~ s~ added to mirror process d~ s~ > d~ s~'
2020-02-08 22:29:55,631 |    pack.madgraph.run |   INFO | b'INFO: Crossed process found for s~ s~ > s~ s~, reuse diagrams.'
2020-02-08 22:29:55,729 |    pack.madgraph.run |   INFO | b'65 processes with 112 diagrams generated in 0.519 s'
2020-02-08 22:29:55,729 |    pack.madgraph.run |   INFO | b'Total: 65 processes with 112 diagrams'
2020-02-08 22:29:55,729 |    pack.madgraph.run |   INFO | b'launchoutput output'
2020-02-08 22:29:55,730 |    pack.madgraph.run |   INFO | b'\x1b[1;34mCommand "launchoutput" not recognized, please try again\x1b[0m'
2020-02-08 22:29:55,730 |    pack.madgraph.run |   INFO | b'launch'
2020-02-08 22:29:55,730 |    pack.madgraph.run |   INFO | b'\x1b[1;34moutput command missing, run it automatically (with default argument)\x1b[0m'
2020-02-08 22:29:55,730 |    pack.madgraph.run |   INFO | b'INFO: initialize a new directory: PROC_sm_0'
2020-02-08 22:29:55,758 |    pack.madgraph.run |   INFO | b'INFO: remove old information in PROC_sm_0'
2020-02-08 22:29:55,810 |    pack.madgraph.run |   INFO | b'INFO: Organizing processes into subprocess groups'
2020-02-08 22:29:55,815 |    pack.madgraph.run |   INFO | b'INFO: Generating Helas calls for process: g g > g g WEIGHTED<=2 @1'
2020-02-08 22:29:55,829 |    pack.madgraph.run |   INFO | b'INFO: Processing color information for process: g g > g g @1'
2020-02-08 22:29:55,830 |    pack.madgraph.run |   INFO | b'INFO: Generating Helas calls for process: g g > u u~ WEIGHTED<=2 @1'
2020-02-08 22:29:55,836 |    pack.madgraph.run |   INFO | b'INFO: Processing color information for process: g g > u u~ @1'
2020-02-08 22:29:55,838 |    pack.madgraph.run |   INFO | b'INFO: Combined process g g > c c~ WEIGHTED<=2 @1 with process g g > u u~ WEIGHTED<=2 @1'
2020-02-08 22:29:55,839 |    pack.madgraph.run |   INFO | b'INFO: Combined process g g > d d~ WEIGHTED<=2 @1 with process g g > u u~ WEIGHTED<=2 @1'
2020-02-08 22:29:55,840 |    pack.madgraph.run |   INFO | b'INFO: Combined process g g > s s~ WEIGHTED<=2 @1 with process g g > u u~ WEIGHTED<=2 @1'
2020-02-08 22:29:55,841 |    pack.madgraph.run |   INFO | b'INFO: Generating Helas calls for process: g u > g u WEIGHTED<=2 @1'
2020-02-08 22:29:55,847 |    pack.madgraph.run |   INFO | b'INFO: Processing color information for process: g u > g u @1'
2020-02-08 22:29:55,848 |    pack.madgraph.run |   INFO | b'INFO: Combined process g c > g c WEIGHTED<=2 @1 with process g u > g u WEIGHTED<=2 @1'
2020-02-08 22:29:55,849 |    pack.madgraph.run |   INFO | b'INFO: Combined process g d > g d WEIGHTED<=2 @1 with process g u > g u WEIGHTED<=2 @1'
2020-02-08 22:29:55,850 |    pack.madgraph.run |   INFO | b'INFO: Combined process g s > g s WEIGHTED<=2 @1 with process g u > g u WEIGHTED<=2 @1'
2020-02-08 22:29:55,851 |    pack.madgraph.run |   INFO | b'INFO: Generating Helas calls for process: g u~ > g u~ WEIGHTED<=2 @1'
2020-02-08 22:29:55,857 |    pack.madgraph.run |   INFO | b'INFO: Processing color information for process: g u~ > g u~ @1'
2020-02-08 22:29:55,858 |    pack.madgraph.run |   INFO | b'INFO: Combined process g c~ > g c~ WEIGHTED<=2 @1 with process g u~ > g u~ WEIGHTED<=2 @1'
2020-02-08 22:29:55,859 |    pack.madgraph.run |   INFO | b'INFO: Combined process g d~ > g d~ WEIGHTED<=2 @1 with process g u~ > g u~ WEIGHTED<=2 @1'
2020-02-08 22:29:55,860 |    pack.madgraph.run |   INFO | b'INFO: Combined process g s~ > g s~ WEIGHTED<=2 @1 with process g u~ > g u~ WEIGHTED<=2 @1'
2020-02-08 22:29:55,861 |    pack.madgraph.run |   INFO | b'INFO: Generating Helas calls for process: u u~ > g g WEIGHTED<=2 @1'
2020-02-08 22:29:55,867 |    pack.madgraph.run |   INFO | b'INFO: Processing color information for process: u u~ > g g @1'
2020-02-08 22:29:55,868 |    pack.madgraph.run |   INFO | b'INFO: Combined process c c~ > g g WEIGHTED<=2 @1 with process u u~ > g g WEIGHTED<=2 @1'
2020-02-08 22:29:55,869 |    pack.madgraph.run |   INFO | b'INFO: Combined process d d~ > g g WEIGHTED<=2 @1 with process u u~ > g g WEIGHTED<=2 @1'
2020-02-08 22:29:55,870 |    pack.madgraph.run |   INFO | b'INFO: Combined process s s~ > g g WEIGHTED<=2 @1 with process u u~ > g g WEIGHTED<=2 @1'
2020-02-08 22:29:55,871 |    pack.madgraph.run |   INFO | b'INFO: Generating Helas calls for process: u u > u u WEIGHTED<=2 @1'
2020-02-08 22:29:55,875 |    pack.madgraph.run |   INFO | b'INFO: Processing color information for process: u u > u u @1'
2020-02-08 22:29:55,876 |    pack.madgraph.run |   INFO | b'INFO: Generating Helas calls for process: u u~ > u u~ WEIGHTED<=2 @1'
2020-02-08 22:29:55,880 |    pack.madgraph.run |   INFO | b'INFO: Processing color information for process: u u~ > u u~ @1'
2020-02-08 22:29:55,881 |    pack.madgraph.run |   INFO | b'INFO: Combined process c c > c c WEIGHTED<=2 @1 with process u u > u u WEIGHTED<=2 @1'
2020-02-08 22:29:55,881 |    pack.madgraph.run |   INFO | b'INFO: Combined process c c~ > c c~ WEIGHTED<=2 @1 with process u u~ > u u~ WEIGHTED<=2 @1'
2020-02-08 22:29:55,882 |    pack.madgraph.run |   INFO | b'INFO: Combined process d d > d d WEIGHTED<=2 @1 with process u u > u u WEIGHTED<=2 @1'
2020-02-08 22:29:55,883 |    pack.madgraph.run |   INFO | b'INFO: Combined process d d~ > d d~ WEIGHTED<=2 @1 with process u u~ > u u~ WEIGHTED<=2 @1'
2020-02-08 22:29:55,884 |    pack.madgraph.run |   INFO | b'INFO: Combined process s s > s s WEIGHTED<=2 @1 with process u u > u u WEIGHTED<=2 @1'
2020-02-08 22:29:55,885 |    pack.madgraph.run |   INFO | b'INFO: Combined process s s~ > s s~ WEIGHTED<=2 @1 with process u u~ > u u~ WEIGHTED<=2 @1'
2020-02-08 22:29:55,886 |    pack.madgraph.run |   INFO | b'INFO: Generating Helas calls for process: u~ u~ > u~ u~ WEIGHTED<=2 @1'
2020-02-08 22:29:55,889 |    pack.madgraph.run |   INFO | b'INFO: Processing color information for process: u~ u~ > u~ u~ @1'
2020-02-08 22:29:55,890 |    pack.madgraph.run |   INFO | b'INFO: Combined process c~ c~ > c~ c~ WEIGHTED<=2 @1 with process u~ u~ > u~ u~ WEIGHTED<=2 @1'
2020-02-08 22:29:55,891 |    pack.madgraph.run |   INFO | b'INFO: Combined process d~ d~ > d~ d~ WEIGHTED<=2 @1 with process u~ u~ > u~ u~ WEIGHTED<=2 @1'
2020-02-08 22:29:55,892 |    pack.madgraph.run |   INFO | b'INFO: Combined process s~ s~ > s~ s~ WEIGHTED<=2 @1 with process u~ u~ > u~ u~ WEIGHTED<=2 @1'
2020-02-08 22:29:55,892 |    pack.madgraph.run |   INFO | b'INFO: Generating Helas calls for process: u c > u c WEIGHTED<=2 @1'
2020-02-08 22:29:55,897 |    pack.madgraph.run |   INFO | b'INFO: Processing color information for process: u c > u c @1'
2020-02-08 22:29:55,897 |    pack.madgraph.run |   INFO | b'INFO: Combined process u d > u d WEIGHTED<=2 @1 with process u c > u c WEIGHTED<=2 @1'
2020-02-08 22:29:55,898 |    pack.madgraph.run |   INFO | b'INFO: Combined process u s > u s WEIGHTED<=2 @1 with process u c > u c WEIGHTED<=2 @1'
2020-02-08 22:29:55,898 |    pack.madgraph.run |   INFO | b'INFO: Generating Helas calls for process: u u~ > c c~ WEIGHTED<=2 @1'
2020-02-08 22:29:55,901 |    pack.madgraph.run |   INFO | b'INFO: Processing color information for process: u u~ > c c~ @1'
2020-02-08 22:29:55,902 |    pack.madgraph.run |   INFO | b'INFO: Combined process u u~ > d d~ WEIGHTED<=2 @1 with process u u~ > c c~ WEIGHTED<=2 @1'
2020-02-08 22:29:55,903 |    pack.madgraph.run |   INFO | b'INFO: Combined process u u~ > s s~ WEIGHTED<=2 @1 with process u u~ > c c~ WEIGHTED<=2 @1'
2020-02-08 22:29:55,903 |    pack.madgraph.run |   INFO | b'INFO: Generating Helas calls for process: u c~ > u c~ WEIGHTED<=2 @1'
2020-02-08 22:29:55,906 |    pack.madgraph.run |   INFO | b'INFO: Processing color information for process: u c~ > u c~ @1'
2020-02-08 22:29:55,907 |    pack.madgraph.run |   INFO | b'INFO: Combined process u d~ > u d~ WEIGHTED<=2 @1 with process u c~ > u c~ WEIGHTED<=2 @1'
2020-02-08 22:29:55,907 |    pack.madgraph.run |   INFO | b'INFO: Combined process u s~ > u s~ WEIGHTED<=2 @1 with process u c~ > u c~ WEIGHTED<=2 @1'
2020-02-08 22:29:55,908 |    pack.madgraph.run |   INFO | b'INFO: Combined process c d > c d WEIGHTED<=2 @1 with process u c > u c WEIGHTED<=2 @1'
2020-02-08 22:29:55,909 |    pack.madgraph.run |   INFO | b'INFO: Combined process c s > c s WEIGHTED<=2 @1 with process u c > u c WEIGHTED<=2 @1'
2020-02-08 22:29:55,909 |    pack.madgraph.run |   INFO | b'INFO: Combined process c u~ > c u~ WEIGHTED<=2 @1 with process u c~ > u c~ WEIGHTED<=2 @1'
2020-02-08 22:29:55,910 |    pack.madgraph.run |   INFO | b'INFO: Combined process c c~ > u u~ WEIGHTED<=2 @1 with process u u~ > c c~ WEIGHTED<=2 @1'
2020-02-08 22:29:55,911 |    pack.madgraph.run |   INFO | b'INFO: Combined process c c~ > d d~ WEIGHTED<=2 @1 with process u u~ > c c~ WEIGHTED<=2 @1'
2020-02-08 22:29:55,911 |    pack.madgraph.run |   INFO | b'INFO: Combined process c c~ > s s~ WEIGHTED<=2 @1 with process u u~ > c c~ WEIGHTED<=2 @1'
2020-02-08 22:29:55,912 |    pack.madgraph.run |   INFO | b'INFO: Combined process c d~ > c d~ WEIGHTED<=2 @1 with process u c~ > u c~ WEIGHTED<=2 @1'
2020-02-08 22:29:55,913 |    pack.madgraph.run |   INFO | b'INFO: Combined process c s~ > c s~ WEIGHTED<=2 @1 with process u c~ > u c~ WEIGHTED<=2 @1'
2020-02-08 22:29:55,913 |    pack.madgraph.run |   INFO | b'INFO: Combined process d s > d s WEIGHTED<=2 @1 with process u c > u c WEIGHTED<=2 @1'
2020-02-08 22:29:55,914 |    pack.madgraph.run |   INFO | b'INFO: Combined process d u~ > d u~ WEIGHTED<=2 @1 with process u c~ > u c~ WEIGHTED<=2 @1'
2020-02-08 22:29:55,915 |    pack.madgraph.run |   INFO | b'INFO: Combined process d c~ > d c~ WEIGHTED<=2 @1 with process u c~ > u c~ WEIGHTED<=2 @1'
2020-02-08 22:29:55,915 |    pack.madgraph.run |   INFO | b'INFO: Combined process d d~ > u u~ WEIGHTED<=2 @1 with process u u~ > c c~ WEIGHTED<=2 @1'
2020-02-08 22:29:55,916 |    pack.madgraph.run |   INFO | b'INFO: Combined process d d~ > c c~ WEIGHTED<=2 @1 with process u u~ > c c~ WEIGHTED<=2 @1'
2020-02-08 22:29:55,917 |    pack.madgraph.run |   INFO | b'INFO: Combined process d d~ > s s~ WEIGHTED<=2 @1 with process u u~ > c c~ WEIGHTED<=2 @1'
2020-02-08 22:29:55,917 |    pack.madgraph.run |   INFO | b'INFO: Combined process d s~ > d s~ WEIGHTED<=2 @1 with process u c~ > u c~ WEIGHTED<=2 @1'
2020-02-08 22:29:55,918 |    pack.madgraph.run |   INFO | b'INFO: Combined process s u~ > s u~ WEIGHTED<=2 @1 with process u c~ > u c~ WEIGHTED<=2 @1'
2020-02-08 22:29:55,919 |    pack.madgraph.run |   INFO | b'INFO: Combined process s c~ > s c~ WEIGHTED<=2 @1 with process u c~ > u c~ WEIGHTED<=2 @1'
2020-02-08 22:29:55,919 |    pack.madgraph.run |   INFO | b'INFO: Combined process s d~ > s d~ WEIGHTED<=2 @1 with process u c~ > u c~ WEIGHTED<=2 @1'
2020-02-08 22:29:55,920 |    pack.madgraph.run |   INFO | b'INFO: Combined process s s~ > u u~ WEIGHTED<=2 @1 with process u u~ > c c~ WEIGHTED<=2 @1'
2020-02-08 22:29:55,920 |    pack.madgraph.run |   INFO | b'INFO: Combined process s s~ > c c~ WEIGHTED<=2 @1 with process u u~ > c c~ WEIGHTED<=2 @1'
2020-02-08 22:29:55,921 |    pack.madgraph.run |   INFO | b'INFO: Combined process s s~ > d d~ WEIGHTED<=2 @1 with process u u~ > c c~ WEIGHTED<=2 @1'
2020-02-08 22:29:55,922 |    pack.madgraph.run |   INFO | b'INFO: Generating Helas calls for process: u~ c~ > u~ c~ WEIGHTED<=2 @1'
2020-02-08 22:29:55,925 |    pack.madgraph.run |   INFO | b'INFO: Processing color information for process: u~ c~ > u~ c~ @1'
2020-02-08 22:29:55,925 |    pack.madgraph.run |   INFO | b'INFO: Combined process u~ d~ > u~ d~ WEIGHTED<=2 @1 with process u~ c~ > u~ c~ WEIGHTED<=2 @1'
2020-02-08 22:29:55,926 |    pack.madgraph.run |   INFO | b'INFO: Combined process u~ s~ > u~ s~ WEIGHTED<=2 @1 with process u~ c~ > u~ c~ WEIGHTED<=2 @1'
2020-02-08 22:29:55,927 |    pack.madgraph.run |   INFO | b'INFO: Combined process c~ d~ > c~ d~ WEIGHTED<=2 @1 with process u~ c~ > u~ c~ WEIGHTED<=2 @1'
2020-02-08 22:29:55,928 |    pack.madgraph.run |   INFO | b'INFO: Combined process c~ s~ > c~ s~ WEIGHTED<=2 @1 with process u~ c~ > u~ c~ WEIGHTED<=2 @1'
2020-02-08 22:29:55,928 |    pack.madgraph.run |   INFO | b'INFO: Combined process d~ s~ > d~ s~ WEIGHTED<=2 @1 with process u~ c~ > u~ c~ WEIGHTED<=2 @1'
2020-02-08 22:29:55,929 |    pack.madgraph.run |   INFO | b'INFO: Creating files in directory P1_gg_gg'
2020-02-08 22:29:55,945 |    pack.madgraph.run |   INFO | b'INFO: Generating Feynman diagrams for Process: g g > g g WEIGHTED<=2 @1'
2020-02-08 22:29:55,978 |    pack.madgraph.run |   INFO | b'INFO: Finding symmetric diagrams for subprocess group gg_gg'
2020-02-08 22:29:55,980 |    pack.madgraph.run |   INFO | b'INFO: Creating files in directory P1_gg_qq'
2020-02-08 22:29:55,995 |    pack.madgraph.run |   INFO | b'INFO: Generating Feynman diagrams for Process: g g > u u~ WEIGHTED<=2 @1'
2020-02-08 22:29:56,012 |    pack.madgraph.run |   INFO | b'INFO: Finding symmetric diagrams for subprocess group gg_qq'
2020-02-08 22:29:56,015 |    pack.madgraph.run |   INFO | b'INFO: Creating files in directory P1_gq_gq'
2020-02-08 22:29:56,030 |    pack.madgraph.run |   INFO | b'INFO: Generating Feynman diagrams for Process: g u > g u WEIGHTED<=2 @1'
2020-02-08 22:29:56,047 |    pack.madgraph.run |   INFO | b'INFO: Generating Feynman diagrams for Process: g u~ > g u~ WEIGHTED<=2 @1'
2020-02-08 22:29:56,067 |    pack.madgraph.run |   INFO | b'INFO: Finding symmetric diagrams for subprocess group gq_gq'
2020-02-08 22:29:56,070 |    pack.madgraph.run |   INFO | b'INFO: Creating files in directory P1_qq_gg'
2020-02-08 22:29:56,085 |    pack.madgraph.run |   INFO | b'INFO: Generating Feynman diagrams for Process: u u~ > g g WEIGHTED<=2 @1'
2020-02-08 22:29:56,103 |    pack.madgraph.run |   INFO | b'INFO: Finding symmetric diagrams for subprocess group qq_gg'
2020-02-08 22:29:56,105 |    pack.madgraph.run |   INFO | b'INFO: Creating files in directory P1_qq_qq'
2020-02-08 22:29:56,121 |    pack.madgraph.run |   INFO | b'INFO: Generating Feynman diagrams for Process: u u > u u WEIGHTED<=2 @1'
2020-02-08 22:29:56,136 |    pack.madgraph.run |   INFO | b'INFO: Generating Feynman diagrams for Process: u u~ > u u~ WEIGHTED<=2 @1'
2020-02-08 22:29:56,151 |    pack.madgraph.run |   INFO | b'INFO: Generating Feynman diagrams for Process: u~ u~ > u~ u~ WEIGHTED<=2 @1'
2020-02-08 22:29:56,166 |    pack.madgraph.run |   INFO | b'INFO: Generating Feynman diagrams for Process: u c > u c WEIGHTED<=2 @1'
2020-02-08 22:29:56,182 |    pack.madgraph.run |   INFO | b'INFO: Generating Feynman diagrams for Process: u u~ > c c~ WEIGHTED<=2 @1'
2020-02-08 22:29:56,198 |    pack.madgraph.run |   INFO | b'INFO: Generating Feynman diagrams for Process: u c~ > u c~ WEIGHTED<=2 @1'
2020-02-08 22:29:56,213 |    pack.madgraph.run |   INFO | b'INFO: Generating Feynman diagrams for Process: u~ c~ > u~ c~ WEIGHTED<=2 @1'
2020-02-08 22:29:56,246 |    pack.madgraph.run |   INFO | b'INFO: Finding symmetric diagrams for subprocess group qq_qq'
2020-02-08 22:29:56,250 |    pack.madgraph.run |   INFO | b'Generated helas calls for 12 subprocesses (26 diagrams) in 0.119 s'
2020-02-08 22:29:56,251 |    pack.madgraph.run |   INFO | b'Wrote files for 101 helas calls in 0.322 s'
2020-02-08 22:29:56,352 |    pack.madgraph.run |   INFO | b'ALOHA: aloha creates VVVV4 routines'
2020-02-08 22:29:56,373 |    pack.madgraph.run |   INFO | b'ALOHA: aloha creates FFV1 routines'
2020-02-08 22:29:56,409 |    pack.madgraph.run |   INFO | b'ALOHA: aloha creates VVVV1 routines'
2020-02-08 22:29:56,428 |    pack.madgraph.run |   INFO | b'ALOHA: aloha creates VVVV3 routines'
2020-02-08 22:29:56,447 |    pack.madgraph.run |   INFO | b'ALOHA: aloha creates VVV1 routines'
2020-02-08 22:29:56,489 |    pack.madgraph.run |   INFO | b'save configuration file to /code/PROC_sm_0/Cards/me5_configuration.txt'
2020-02-08 22:29:56,496 |    pack.madgraph.run |   INFO | b'INFO: Use Fortran compiler gfortran'
2020-02-08 22:29:56,501 |    pack.madgraph.run |   INFO | b'INFO: Use c++ compiler g++'
2020-02-08 22:29:56,516 |    pack.madgraph.run |   INFO | b'INFO: Generate web pages'
2020-02-08 22:29:56,926 |    pack.madgraph.run |   INFO | b'Output to directory /code/PROC_sm_0 done.'
2020-02-08 22:29:56,926 |    pack.madgraph.run |   INFO | b'Type "launch" to generate events from this process, or see'
2020-02-08 22:29:56,927 |    pack.madgraph.run |   INFO | b'/code/PROC_sm_0/README'
2020-02-08 22:29:56,927 |    pack.madgraph.run |   INFO | b'Run "open index.html" to see more information about this process.'
2020-02-08 22:29:56,927 |    pack.madgraph.run |   INFO | b'\x1b[1;34moutput done: running launch\x1b[0m'
2020-02-08 22:29:56,928 |    pack.madgraph.run |   INFO | b'************************************************************'
2020-02-08 22:29:56,928 |    pack.madgraph.run |   INFO | b'*                                                          *'
2020-02-08 22:29:56,928 |    pack.madgraph.run |   INFO | b'*                      W E L C O M E to                    *'
2020-02-08 22:29:56,928 |    pack.madgraph.run |   INFO | b'*             M A D G R A P H 5 _ a M C @ N L O            *'
2020-02-08 22:29:56,929 |    pack.madgraph.run |   INFO | b'*                      M A D E V E N T                     *'
2020-02-08 22:29:56,929 |    pack.madgraph.run |   INFO | b'*                                                          *'
2020-02-08 22:29:56,929 |    pack.madgraph.run |   INFO | b'*                 *                       *                *'
2020-02-08 22:29:56,929 |    pack.madgraph.run |   INFO | b'*                   *        * *        *                  *'
2020-02-08 22:29:56,929 |    pack.madgraph.run |   INFO | b'*                     * * * * 5 * * * *                    *'
2020-02-08 22:29:56,930 |    pack.madgraph.run |   INFO | b'*                   *        * *        *                  *'
2020-02-08 22:29:56,930 |    pack.madgraph.run |   INFO | b'*                 *                       *                *'
2020-02-08 22:29:56,930 |    pack.madgraph.run |   INFO | b'*                                                          *'
2020-02-08 22:29:56,930 |    pack.madgraph.run |   INFO | b'*         VERSION 2.6.7                 2019-10-16         *'
2020-02-08 22:29:56,931 |    pack.madgraph.run |   INFO | b'*                                                          *'
2020-02-08 22:29:56,931 |    pack.madgraph.run |   INFO | b'*    The MadGraph5_aMC@NLO Development Team - Find us at   *'
2020-02-08 22:29:56,931 |    pack.madgraph.run |   INFO | b'*    https://server06.fynu.ucl.ac.be/projects/madgraph     *'
2020-02-08 22:29:56,931 |    pack.madgraph.run |   INFO | b'*                                                          *'
2020-02-08 22:29:56,931 |    pack.madgraph.run |   INFO | b"*               Type 'help' for in-line help.              *"
2020-02-08 22:29:56,932 |    pack.madgraph.run |   INFO | b'*                                                          *'
2020-02-08 22:29:56,932 |    pack.madgraph.run |   INFO | b'************************************************************'
2020-02-08 22:29:56,932 |    pack.madgraph.run |   INFO | b'INFO: load configuration from /code/PROC_sm_0/Cards/me5_configuration.txt'
2020-02-08 22:29:56,933 |    pack.madgraph.run |   INFO | b'INFO: load configuration from /code/madgraph/input/mg5_configuration.txt'
2020-02-08 22:29:56,933 |    pack.madgraph.run |   INFO | b'INFO: load configuration from /code/PROC_sm_0/Cards/me5_configuration.txt'
2020-02-08 22:29:56,933 |    pack.madgraph.run |   INFO | b'No valid text editor found. Please set in ./input/mg5_configuration.txt'
2020-02-08 22:29:56,933 |    pack.madgraph.run |   INFO | b'No valid eps viewer found. Please set in ./input/mg5_configuration.txt'
2020-02-08 22:29:56,933 |    pack.madgraph.run |   INFO | b'No valid web browser found. Please set in ./input/mg5_configuration.txt'
2020-02-08 22:29:56,935 |    pack.madgraph.run |   INFO | b'generate_events run_01'
2020-02-08 22:29:56,939 |    pack.madgraph.run |   INFO | b"stty: 'standard input': Inappropriate ioctl for device"
2020-02-08 22:29:56,940 |    pack.madgraph.run |   INFO | b'\x1b[1;34m"OFF" not valid option for "shower"\x1b[0m'
2020-02-08 22:29:56,944 |    pack.madgraph.run |   INFO | b"stty: 'standard input': Inappropriate ioctl for device"
2020-02-08 22:29:56,952 |    pack.madgraph.run |   INFO | b'The following switches determine which programs are run:'
2020-02-08 22:29:56,953 |    pack.madgraph.run |   INFO | b'/===========================================================================\\'
2020-02-08 22:29:56,953 |    pack.madgraph.run |   INFO | b'| 1. Choose the shower/hadronization program   \x1b[1m  shower\x1b[0m = \x1b[01mNot Avail.\x1b[0m        |'
2020-02-08 22:29:56,953 |    pack.madgraph.run |   INFO | b'| 2. Choose the detector simulation program    \x1b[1mdetector\x1b[0m = \x1b[01mNot Avail.\x1b[0m        |'
2020-02-08 22:29:56,953 |    pack.madgraph.run |   INFO | b'| 3. Choose an analysis package (plot/convert) \x1b[1manalysis\x1b[0m = \x1b[01mNot Avail.\x1b[0m        |'
2020-02-08 22:29:56,954 |    pack.madgraph.run |   INFO | b'| 4. Decay onshell particles                   \x1b[1m madspin\x1b[0m = \x1b[31mOFF\x1b[0m               |'
2020-02-08 22:29:56,954 |    pack.madgraph.run |   INFO | b'| 5. Add weights to events for new hypp.       \x1b[1mreweight\x1b[0m = \x1b[31mOFF\x1b[0m               |'
2020-02-08 22:29:56,954 |    pack.madgraph.run |   INFO | b'\\===========================================================================/'
2020-02-08 22:29:56,954 |    pack.madgraph.run |   INFO | b'Either type the switch number (1 to 5) to change its setting,'
2020-02-08 22:29:56,954 |    pack.madgraph.run |   INFO | b"Set any switch explicitly (e.g. type 'madspin=ON' at the prompt)"
2020-02-08 22:29:56,955 |    pack.madgraph.run |   INFO | b"Type 'help' for the list of all valid option"
2020-02-08 22:29:56,955 |    pack.madgraph.run |   INFO | b"Type '0', 'auto', 'done' or just press enter when you are done."
2020-02-08 22:29:56,955 |    pack.madgraph.run |   INFO | b'The following switches determine which programs are run:'
2020-02-08 22:29:56,955 |    pack.madgraph.run |   INFO | b'/===========================================================================\\'
2020-02-08 22:29:56,956 |    pack.madgraph.run |   INFO | b'| 1. Choose the shower/hadronization program   \x1b[1m  shower\x1b[0m = \x1b[31mOFF\x1b[0m               |'
2020-02-08 22:29:56,956 |    pack.madgraph.run |   INFO | b'| 2. Choose the detector simulation program    \x1b[1mdetector\x1b[0m = \x1b[31mOFF\x1b[0m               |'
2020-02-08 22:29:56,956 |    pack.madgraph.run |   INFO | b'| 3. Choose an analysis package (plot/convert) \x1b[1manalysis\x1b[0m = \x1b[31mOFF\x1b[0m               |'
2020-02-08 22:29:56,956 |    pack.madgraph.run |   INFO | b'| 4. Decay onshell particles                   \x1b[1m madspin\x1b[0m = \x1b[31mOFF\x1b[0m               |'
2020-02-08 22:29:56,956 |    pack.madgraph.run |   INFO | b'| 5. Add weights to events for new hypp.       \x1b[1mreweight\x1b[0m = \x1b[31mOFF\x1b[0m               |'
2020-02-08 22:29:56,957 |    pack.madgraph.run |   INFO | b'\\===========================================================================/'
2020-02-08 22:29:56,957 |    pack.madgraph.run |   INFO | b'Either type the switch number (1 to 5) to change its setting,'
2020-02-08 22:29:56,957 |    pack.madgraph.run |   INFO | b"Set any switch explicitly (e.g. type 'madspin=ON' at the prompt)"
2020-02-08 22:29:56,957 |    pack.madgraph.run |   INFO | b"Type 'help' for the list of all valid option"
2020-02-08 22:29:56,957 |    pack.madgraph.run |   INFO | b"Type '0', 'auto', 'done' or just press enter when you are done."
2020-02-08 22:29:56,958 |    pack.madgraph.run |   INFO | b'set nevents 1000'
2020-02-08 22:29:56,958 |    pack.madgraph.run |   INFO | b'\x1b[1mINFO: modify parameter nevents of the run_card.dat to 1000 \x1b[0m'
2020-02-08 22:30:01,961 |    pack.madgraph.run |   INFO | b'INFO: Update the dependent parameter of the param_card.dat'
2020-02-08 22:30:02,089 |    pack.madgraph.run |   INFO | b'Generating 1000 events with run name run_01'
2020-02-08 22:30:02,089 |    pack.madgraph.run |   INFO | b'survey  run_01'
2020-02-08 22:30:02,091 |    pack.madgraph.run |   INFO | b'INFO: compile directory'
2020-02-08 22:30:02,092 |    pack.madgraph.run |   INFO | b'\x1b[1;34mNot able to open file /code/PROC_sm_0/crossx.html since no program configured.Please set one in ./input/mg5_configuration.txt\x1b[0m'
2020-02-08 22:30:02,113 |    pack.madgraph.run |   INFO | b'compile Source Directory'
2020-02-08 22:30:04,339 |    pack.madgraph.run |   INFO | b'Using random number seed offset = 21'
2020-02-08 22:30:04,339 |    pack.madgraph.run |   INFO | b'INFO: Running Survey'
2020-02-08 22:30:04,340 |    pack.madgraph.run |   INFO | b'Creating Jobs'
2020-02-08 22:30:04,340 |    pack.madgraph.run |   INFO | b'Working on SubProcesses'
2020-02-08 22:30:04,341 |    pack.madgraph.run |   INFO | b'INFO:     P1_gg_gg'
2020-02-08 22:30:05,620 |    pack.madgraph.run |   INFO | b'INFO:     P1_gg_qq'
2020-02-08 22:30:07,059 |    pack.madgraph.run |   INFO | b'INFO:     P1_gq_gq'
2020-02-08 22:30:08,749 |    pack.madgraph.run |   INFO | b'INFO:     P1_qq_gg'
2020-02-08 22:30:10,314 |    pack.madgraph.run |   INFO | b'INFO:     P1_qq_qq'
2020-02-08 22:30:12,180 |    pack.madgraph.run |   INFO | b'INFO:  Idle: 1,  Running: 0,  Completed: 6 [ current time: 06h30 ]'
2020-02-08 22:30:12,183 |    pack.madgraph.run |   INFO | b'INFO:  Idle: 0,  Running: 1,  Completed: 6 [ current time: 06h30 ]'
2020-02-08 22:30:12,915 |    pack.madgraph.run |   INFO | b'INFO:  Idle: 0,  Running: 0,  Completed: 7 [  0.74s  ]'
2020-02-08 22:30:12,916 |    pack.madgraph.run |   INFO | b'INFO: End survey'
2020-02-08 22:30:12,917 |    pack.madgraph.run |   INFO | b'refine 1000'
2020-02-08 22:30:12,918 |    pack.madgraph.run |   INFO | b'Creating Jobs'
2020-02-08 22:30:12,918 |    pack.madgraph.run |   INFO | b'INFO: Refine results to 1000'
2020-02-08 22:30:12,919 |    pack.madgraph.run |   INFO | b'INFO: Generating 1000.0 unweigthed events.'
2020-02-08 22:30:12,922 |    pack.madgraph.run |   INFO | b'INFO: Effective Luminosity 1.68236063798e-06 pb^-1'
2020-02-08 22:30:12,922 |    pack.madgraph.run |   INFO | b'INFO: need to improve 1 channels'
2020-02-08 22:30:12,927 |    pack.madgraph.run |   INFO | b'Current estimate of cross-section: 713283450.0 +- 5576057.65435'
2020-02-08 22:30:12,927 |    pack.madgraph.run |   INFO | b'P1_gg_gg'
2020-02-08 22:30:12,945 |    pack.madgraph.run |   INFO | b'P1_gg_qq'
2020-02-08 22:30:12,946 |    pack.madgraph.run |   INFO | b'P1_gq_gq'
2020-02-08 22:30:12,948 |    pack.madgraph.run |   INFO | b'P1_qq_gg'
2020-02-08 22:30:12,949 |    pack.madgraph.run |   INFO | b'P1_qq_qq'
2020-02-08 22:30:12,949 |    pack.madgraph.run |   INFO | b'INFO:  Idle: 0,  Running: 1,  Completed: 0 [ current time: 06h30 ]'
2020-02-08 22:30:13,373 |    pack.madgraph.run |   INFO | b'INFO:  Idle: 0,  Running: 0,  Completed: 1 [  0.42s  ]'
2020-02-08 22:30:13,374 |    pack.madgraph.run |   INFO | b'INFO: Combining runs'
2020-02-08 22:30:13,377 |    pack.madgraph.run |   INFO | b'INFO: finish refine'
2020-02-08 22:30:13,378 |    pack.madgraph.run |   INFO | b'refine 1000'
2020-02-08 22:30:13,378 |    pack.madgraph.run |   INFO | b'Creating Jobs'
2020-02-08 22:30:13,379 |    pack.madgraph.run |   INFO | b'INFO: Refine results to 1000'
2020-02-08 22:30:13,379 |    pack.madgraph.run |   INFO | b'INFO: Generating 1000.0 unweigthed events.'
2020-02-08 22:30:13,380 |    pack.madgraph.run |   INFO | b'INFO: Effective Luminosity 1.71749141201e-06 pb^-1'
2020-02-08 22:30:13,381 |    pack.madgraph.run |   INFO | b'INFO: need to improve 0 channels'
2020-02-08 22:30:13,386 |    pack.madgraph.run |   INFO | b'Current estimate of cross-section: 698693450.0 +- 4205545.18875'
2020-02-08 22:30:13,386 |    pack.madgraph.run |   INFO | b'P1_gg_gg'
2020-02-08 22:30:13,386 |    pack.madgraph.run |   INFO | b'P1_gg_qq'
2020-02-08 22:30:13,386 |    pack.madgraph.run |   INFO | b'P1_gq_gq'
2020-02-08 22:30:13,387 |    pack.madgraph.run |   INFO | b'P1_qq_gg'
2020-02-08 22:30:13,387 |    pack.madgraph.run |   INFO | b'P1_qq_qq'
2020-02-08 22:30:13,387 |    pack.madgraph.run |   INFO | b'INFO:  Idle: 0,  Running: 0,  Completed: 0 [ current time: 06h30 ]'
2020-02-08 22:30:13,387 |    pack.madgraph.run |   INFO | b'INFO: Combining runs'
2020-02-08 22:30:13,391 |    pack.madgraph.run |   INFO | b'INFO: finish refine'
2020-02-08 22:30:13,391 |    pack.madgraph.run |   INFO | b'INFO: Combining Events'
2020-02-08 22:30:14,515 |    pack.madgraph.run |   INFO | b'=== Results Summary for run: run_01 tag: tag_1 ==='
2020-02-08 22:30:14,515 |    pack.madgraph.run |   INFO | b''
2020-02-08 22:30:14,515 |    pack.madgraph.run |   INFO | b'Cross-section :   6.987e+08 +- 4.206e+06 pb'
2020-02-08 22:30:14,516 |    pack.madgraph.run |   INFO | b'Nb of events :  1000'
2020-02-08 22:30:14,516 |    pack.madgraph.run |   INFO | b''
2020-02-08 22:30:14,521 |    pack.madgraph.run |   INFO | b'INFO: No version of lhapdf. Can not run systematics computation'
2020-02-08 22:30:14,522 |    pack.madgraph.run |   INFO | b'store_events'
2020-02-08 22:30:14,522 |    pack.madgraph.run |   INFO | b'INFO: Storing parton level results'
2020-02-08 22:30:14,537 |    pack.madgraph.run |   INFO | b'INFO: End Parton'
2020-02-08 22:30:14,537 |    pack.madgraph.run |   INFO | b'reweight -from_cards'
2020-02-08 22:30:14,537 |    pack.madgraph.run |   INFO | b'decay_events -from_cards'
2020-02-08 22:30:14,565 |    pack.madgraph.run |   INFO | b'INFO: storing files of previous run'
2020-02-08 22:30:14,565 |    pack.madgraph.run |   INFO | b'INFO: Done'
2020-02-08 22:30:14,566 |    pack.madgraph.run |   INFO | b'quit'
2020-02-08 22:30:14,567 |    pack.madgraph.run |   INFO | b'INFO:'
2020-02-08 22:30:14,580 |    pack.madgraph.run |   INFO | b'more information in /code/PROC_sm_0/index.html'
2020-02-08 22:30:14,581 |    pack.madgraph.run |   INFO | b'quit'
2020-02-08 22:30:14,611 |    pack.madgraph.run |   INFO | b'cwd=/code'
2020-02-08 22:30:14,611 |    pack.madgraph.run |   INFO | b'ufotar=None'
2020-02-08 22:30:14,612 |    pack.madgraph.run |   INFO | b'proc_card=/Users/vlad/Documents/EPEprojects/yadage-tests/madgraph_pythia/workdir/init/proc_card_mg5.dat'
2020-02-08 22:30:14,612 |    pack.madgraph.run |   INFO | b'param_card=None'
2020-02-08 22:30:14,612 |    pack.madgraph.run |   INFO | b'run_card=None'
2020-02-08 22:30:14,612 |    pack.madgraph.run |   INFO | b'Traceback (most recent call last):'
2020-02-08 22:30:14,613 |    pack.madgraph.run |   INFO | b'File "steer_madgraph.py", line 75, in <module>'
2020-02-08 22:30:14,613 |    pack.madgraph.run |   INFO | b'main()'
2020-02-08 22:30:14,613 |    pack.madgraph.run |   INFO | b'File "steer_madgraph.py", line 71, in main'
2020-02-08 22:30:14,613 |    pack.madgraph.run |   INFO | b'args.param_card, args.run_card, args.shower_card, args.shower, args.n_events)'
2020-02-08 22:30:14,614 |    pack.madgraph.run |   INFO | b'File "steer_madgraph.py", line 50, in run_madgraph'
2020-02-08 22:30:14,614 |    pack.madgraph.run |   INFO | b"event_path = glob.glob(os.path.join(run_dir, '*.lhe.gz'))[0]"
2020-02-08 22:30:14,614 |    pack.madgraph.run |   INFO | b'IndexError: list index out of range'
